[20:48:53] [ServerMain/INFO]: Building unoptimized datafixer
[20:48:54] [ServerMain/INFO]: Environment: authHost='https://authserver.mojang.com', accountsHost='https://api.mojang.com', sessionHost='https://sessionserver.mojang.com', servicesHost='https://api.minecraftservices.com', name='PROD'
[20:48:56] [ServerMain/INFO]: Loaded 7 recipes
[20:48:56] [ServerMain/INFO]: Loaded 1179 advancements
[20:48:57] [Server thread/INFO]: Starting minecraft server version 1.19.3
[20:48:57] [Server thread/INFO]: Loading properties
[20:48:57] [Server thread/INFO]: Default game type: SURVIVAL
[20:48:57] [Server thread/INFO]: Generating keypair
[20:48:57] [Server thread/INFO]: Starting Minecraft server on *:22221
[20:48:57] [Server thread/INFO]: Using epoll channel type
[20:48:57] [Server thread/INFO]: Preparing level "world"
[20:48:59] [Server thread/INFO]: Preparing start region for dimension minecraft:overworld
[20:49:02] [Worker-Main-7/INFO]: Preparing spawn area: 0%
[20:49:02] [Worker-Main-6/INFO]: Preparing spawn area: 0%
[20:49:02] [Worker-Main-6/INFO]: Preparing spawn area: 0%
[20:49:02] [Worker-Main-6/INFO]: Preparing spawn area: 0%
[20:49:02] [Worker-Main-7/INFO]: Preparing spawn area: 0%
[20:49:02] [Worker-Main-6/INFO]: Preparing spawn area: 0%
[20:49:02] [Worker-Main-6/INFO]: Preparing spawn area: 0%
[20:49:02] [Worker-Main-6/INFO]: Preparing spawn area: 0%
[20:49:03] [Worker-Main-5/INFO]: Preparing spawn area: 22%
[20:49:03] [Worker-Main-4/INFO]: Preparing spawn area: 61%
[20:49:04] [Server thread/INFO]: Time elapsed: 4804 ms
[20:49:04] [Server thread/INFO]: Done (6.621s)! For help, type "help"
[20:49:04] [Server thread/INFO]: Unknown or incomplete command, see below for error
[20:49:04] [Server thread/INFO]: start<--[HERE]
[20:49:12] [Server thread/INFO]: /advancement (grant|revoke)
[20:49:12] [Server thread/INFO]: /attribute <target> <attribute> (get|base|modifier)
[20:49:12] [Server thread/INFO]: /execute (run|if|unless|as|at|store|positioned|rotated|facing|align|anchored|in)
[20:49:12] [Server thread/INFO]: /bossbar (add|remove|list|set|get)
[20:49:12] [Server thread/INFO]: /clear [<targets>]
[20:49:12] [Server thread/INFO]: /clone <begin> <end> <destination> [replace|masked|filtered]
[20:49:12] [Server thread/INFO]: /data (merge|get|remove|modify)
[20:49:12] [Server thread/INFO]: /datapack (enable|disable|list)
[20:49:12] [Server thread/INFO]: /debug (start|stop|function)
[20:49:12] [Server thread/INFO]: /defaultgamemode <gamemode>
[20:49:12] [Server thread/INFO]: /difficulty [peaceful|easy|normal|hard]
[20:49:12] [Server thread/INFO]: /effect (clear|give)
[20:49:12] [Server thread/INFO]: /me <action>
[20:49:12] [Server thread/INFO]: /enchant <targets> <enchantment> [<level>]
[20:49:12] [Server thread/INFO]: /experience (add|set|query)
[20:49:12] [Server thread/INFO]: /xp -> experience
[20:49:12] [Server thread/INFO]: /fill <from> <to> <block> [replace|keep|outline|hollow|destroy]
[20:49:12] [Server thread/INFO]: /fillbiome <from> <to> <biome> [replace]
[20:49:12] [Server thread/INFO]: /forceload (add|remove|query)
[20:49:12] [Server thread/INFO]: /function <name>
[20:49:12] [Server thread/INFO]: /gamemode <gamemode> [<target>]
[20:49:12] [Server thread/INFO]: /gamerule (announceAdvancements|blockExplosionDropDecay|commandBlockOutput|disableElytraMovementCheck|disableRaids|doDaylightCycle|doEntityDrops|doFireTick|doImmediateRespawn|doInsomnia|doLimitedCrafting|doMobLoot|doMobSpawning|doPatrolSpawning|doTileDrops|doTraderSpawning|doWardenSpawning|doWeatherCycle|drowningDamage|fallDamage|fireDamage|forgiveDeadPlayers|freezeDamage|globalSoundEvents|keepInventory|lavaSourceConversion|logAdminCommands|maxCommandChainLength|maxEntityCramming|mobExplosionDropDecay|mobGriefing|naturalRegeneration|playersSleepingPercentage|randomTickSpeed|reducedDebugInfo|sendCommandFeedback|showDeathMessages|snowAccumulationHeight|spawnRadius|spectatorsGenerateChunks|tntExplosionDropDecay|universalAnger|waterSourceConversion)
[20:49:12] [Server thread/INFO]: /give <targets> <item> [<count>]
[20:49:12] [Server thread/INFO]: /help [<command>]
[20:49:12] [Server thread/INFO]: /item (replace|modify)
[20:49:12] [Server thread/INFO]: /kick <targets> [<reason>]
[20:49:12] [Server thread/INFO]: /kill [<targets>]
[20:49:12] [Server thread/INFO]: /list [uuids]
[20:49:12] [Server thread/INFO]: /locate (structure|biome|poi)
[20:49:12] [Server thread/INFO]: /loot (replace|insert|give|spawn)
[20:49:12] [Server thread/INFO]: /msg <targets> <message>
[20:49:12] [Server thread/INFO]: /tell -> msg
[20:49:12] [Server thread/INFO]: /w -> msg
[20:49:12] [Server thread/INFO]: /particle <name> [<pos>]
[20:49:12] [Server thread/INFO]: /place (feature|jigsaw|structure|template)
[20:49:12] [Server thread/INFO]: /playsound <sound> (master|music|record|weather|block|hostile|neutral|player|ambient|voice)
[20:49:12] [Server thread/INFO]: /reload
[20:49:12] [Server thread/INFO]: /recipe (give|take)
[20:49:12] [Server thread/INFO]: /say <message>
[20:49:12] [Server thread/INFO]: /schedule (function|clear)
[20:49:12] [Server thread/INFO]: /scoreboard (objectives|players)
[20:49:12] [Server thread/INFO]: /seed
[20:49:12] [Server thread/INFO]: /setblock <pos> <block> [destroy|keep|replace]
[20:49:12] [Server thread/INFO]: /spawnpoint [<targets>]
[20:49:12] [Server thread/INFO]: /setworldspawn [<pos>]
[20:49:12] [Server thread/INFO]: /spectate [<target>]
[20:49:12] [Server thread/INFO]: /spreadplayers <center> <spreadDistance> <maxRange> (<respectTeams>|under)
[20:49:12] [Server thread/INFO]: /stopsound <targets> [*|master|music|record|weather|block|hostile|neutral|player|ambient|voice]
[20:49:12] [Server thread/INFO]: /summon <entity> [<pos>]
[20:49:12] [Server thread/INFO]: /tag <targets> (add|remove|list)
[20:49:12] [Server thread/INFO]: /team (list|add|remove|empty|join|leave|modify)
[20:49:12] [Server thread/INFO]: /teammsg <message>
[20:49:12] [Server thread/INFO]: /tm -> teammsg
[20:49:12] [Server thread/INFO]: /teleport (<location>|<destination>|<targets>)
[20:49:12] [Server thread/INFO]: /tp -> teleport
[20:49:12] [Server thread/INFO]: /tellraw <targets> <message>
[20:49:12] [Server thread/INFO]: /time (set|add|query)
[20:49:12] [Server thread/INFO]: /title <targets> (clear|reset|title|subtitle|actionbar|times)
[20:49:12] [Server thread/INFO]: /trigger <objective> [add|set]
[20:49:12] [Server thread/INFO]: /weather (clear|rain|thunder)
[20:49:12] [Server thread/INFO]: /worldborder (add|set|center|damage|get|warning)
[20:49:12] [Server thread/INFO]: /jfr (start|stop)
[20:49:12] [Server thread/INFO]: /ban-ip <target> [<reason>]
[20:49:12] [Server thread/INFO]: /banlist [ips|players]
[20:49:12] [Server thread/INFO]: /ban <targets> [<reason>]
[20:49:12] [Server thread/INFO]: /deop <targets>
[20:49:12] [Server thread/INFO]: /op <targets>
[20:49:12] [Server thread/INFO]: /pardon <targets>
[20:49:12] [Server thread/INFO]: /pardon-ip <target>
[20:49:12] [Server thread/INFO]: /perf (start|stop)
[20:49:12] [Server thread/INFO]: /save-all [flush]
[20:49:12] [Server thread/INFO]: /save-off
[20:49:12] [Server thread/INFO]: /save-on
[20:49:12] [Server thread/INFO]: /setidletimeout <minutes>
[20:49:12] [Server thread/INFO]: /stop
[20:49:12] [Server thread/INFO]: /whitelist (on|off|list|add|remove|reload)
